2025-01-27 14:20:08,816 DEBUG    root            Loaded Command Group: ['gcloud', 'components']
2025-01-27 14:20:08,819 DEBUG    root            Loaded Command Group: ['gcloud', 'components', 'update']
2025-01-27 14:20:08,821 DEBUG    root            Running [gcloud.components.update] with arguments: [--compile-python: "True", --quiet: "True", COMPONENT-IDS:6: "['core', 'gcloud-deps', 'bq', 'gcloud', 'gcloud-crc32c', 'gsutil']"]
2025-01-27 14:20:08,822 INFO     ___FILE_ONLY___ Beginning update. This process may take several minutes.

2025-01-27 14:20:08,857 DEBUG    urllib3.connectionpool Starting new HTTPS connection (1): dl.google.com:443
2025-01-27 14:20:09,096 DEBUG    urllib3.connectionpool https://dl.google.com:443 "GET /dl/cloudsdk/channels/rapid/components-2.json HTTP/1.1" 200 227832
2025-01-27 14:20:09,108 INFO     ___FILE_ONLY___ 

2025-01-27 14:20:09,109 INFO     ___FILE_ONLY___ 
Your current Google Cloud CLI version is: 507.0.0

2025-01-27 14:20:09,109 INFO     ___FILE_ONLY___ Installing components from version: 507.0.0

2025-01-27 14:20:09,109 INFO     ___FILE_ONLY___ 

2025-01-27 14:20:09,109 DEBUG    root            Chosen display Format:table[box,title="These components will be removed."](details.display_name:label=Name:align=left,version.version_string:label=Version:align=right,data.size.size(zero="",min=1048576):label=Size:align=right)
2025-01-27 14:20:09,110 DEBUG    root            Chosen display Format:table[box,title="These components will be updated."](details.display_name:label=Name:align=left,version.version_string:label=Version:align=right,data.size.size(zero="",min=1048576):label=Size:align=right)
2025-01-27 14:20:09,110 DEBUG    root            Chosen display Format:table[box,title="These components will be installed."](details.display_name:label=Name:align=left,version.version_string:label=Version:align=right,data.size.size(zero="",min=1048576):label=Size:align=right)
2025-01-27 14:20:09,148 INFO     ___FILE_ONLY___ ┌─────────────────────────────────────────────────────────────────────────────┐
2025-01-27 14:20:09,148 INFO     ___FILE_ONLY___ 

2025-01-27 14:20:09,148 INFO     ___FILE_ONLY___ │                     These components will be installed.                     │
2025-01-27 14:20:09,148 INFO     ___FILE_ONLY___ 

2025-01-27 14:20:09,148 INFO     ___FILE_ONLY___ ├─────────────────────────────────────────────────────┬────────────┬──────────┤
2025-01-27 14:20:09,148 INFO     ___FILE_ONLY___ 

2025-01-27 14:20:09,148 INFO     ___FILE_ONLY___ │                         Name                        │  Version   │   Size   │
2025-01-27 14:20:09,148 INFO     ___FILE_ONLY___ 

2025-01-27 14:20:09,148 INFO     ___FILE_ONLY___ ├─────────────────────────────────────────────────────┼────────────┼──────────┤
2025-01-27 14:20:09,148 INFO     ___FILE_ONLY___ 

2025-01-27 14:20:09,148 INFO     ___FILE_ONLY___ │ 
2025-01-27 14:20:09,148 INFO     ___FILE_ONLY___ BigQuery Command Line Tool                         
2025-01-27 14:20:09,148 INFO     ___FILE_ONLY___  
2025-01-27 14:20:09,148 INFO     ___FILE_ONLY___ │ 
2025-01-27 14:20:09,148 INFO     ___FILE_ONLY___     2.1.12
2025-01-27 14:20:09,148 INFO     ___FILE_ONLY___  
2025-01-27 14:20:09,149 INFO     ___FILE_ONLY___ │ 
2025-01-27 14:20:09,149 INFO     ___FILE_ONLY___  1.8 MiB
2025-01-27 14:20:09,149 INFO     ___FILE_ONLY___  
2025-01-27 14:20:09,149 INFO     ___FILE_ONLY___ │
2025-01-27 14:20:09,149 INFO     ___FILE_ONLY___ 

2025-01-27 14:20:09,149 INFO     ___FILE_ONLY___ │ 
2025-01-27 14:20:09,149 INFO     ___FILE_ONLY___ BigQuery Command Line Tool (Platform Specific)     
2025-01-27 14:20:09,149 INFO     ___FILE_ONLY___  
2025-01-27 14:20:09,149 INFO     ___FILE_ONLY___ │ 
2025-01-27 14:20:09,149 INFO     ___FILE_ONLY___      2.1.8
2025-01-27 14:20:09,149 INFO     ___FILE_ONLY___  
2025-01-27 14:20:09,149 INFO     ___FILE_ONLY___ │ 
2025-01-27 14:20:09,149 INFO     ___FILE_ONLY___  < 1 MiB
2025-01-27 14:20:09,149 INFO     ___FILE_ONLY___  
2025-01-27 14:20:09,149 INFO     ___FILE_ONLY___ │
2025-01-27 14:20:09,149 INFO     ___FILE_ONLY___ 

2025-01-27 14:20:09,149 INFO     ___FILE_ONLY___ │ 
2025-01-27 14:20:09,149 INFO     ___FILE_ONLY___ Bundled Python 3.11 (Platform Specific)            
2025-01-27 14:20:09,149 INFO     ___FILE_ONLY___  
2025-01-27 14:20:09,149 INFO     ___FILE_ONLY___ │ 
2025-01-27 14:20:09,150 INFO     ___FILE_ONLY___     3.11.9
2025-01-27 14:20:09,150 INFO     ___FILE_ONLY___  
2025-01-27 14:20:09,150 INFO     ___FILE_ONLY___ │ 
2025-01-27 14:20:09,150 INFO     ___FILE_ONLY___ 74.4 MiB
2025-01-27 14:20:09,150 INFO     ___FILE_ONLY___  
2025-01-27 14:20:09,150 INFO     ___FILE_ONLY___ │
2025-01-27 14:20:09,150 INFO     ___FILE_ONLY___ 

2025-01-27 14:20:09,150 INFO     ___FILE_ONLY___ │ 
2025-01-27 14:20:09,150 INFO     ___FILE_ONLY___ Cloud Storage Command Line Tool                    
2025-01-27 14:20:09,150 INFO     ___FILE_ONLY___  
2025-01-27 14:20:09,150 INFO     ___FILE_ONLY___ │ 
2025-01-27 14:20:09,150 INFO     ___FILE_ONLY___       5.33
2025-01-27 14:20:09,150 INFO     ___FILE_ONLY___  
2025-01-27 14:20:09,150 INFO     ___FILE_ONLY___ │ 
2025-01-27 14:20:09,150 INFO     ___FILE_ONLY___ 11.8 MiB
2025-01-27 14:20:09,150 INFO     ___FILE_ONLY___  
2025-01-27 14:20:09,150 INFO     ___FILE_ONLY___ │
2025-01-27 14:20:09,150 INFO     ___FILE_ONLY___ 

2025-01-27 14:20:09,150 INFO     ___FILE_ONLY___ │ 
2025-01-27 14:20:09,150 INFO     ___FILE_ONLY___ Cloud Storage Command Line Tool (Platform Specific)
2025-01-27 14:20:09,150 INFO     ___FILE_ONLY___  
2025-01-27 14:20:09,150 INFO     ___FILE_ONLY___ │ 
2025-01-27 14:20:09,151 INFO     ___FILE_ONLY___       5.30
2025-01-27 14:20:09,151 INFO     ___FILE_ONLY___  
2025-01-27 14:20:09,151 INFO     ___FILE_ONLY___ │ 
2025-01-27 14:20:09,151 INFO     ___FILE_ONLY___  < 1 MiB
2025-01-27 14:20:09,151 INFO     ___FILE_ONLY___  
2025-01-27 14:20:09,151 INFO     ___FILE_ONLY___ │
2025-01-27 14:20:09,151 INFO     ___FILE_ONLY___ 

2025-01-27 14:20:09,151 INFO     ___FILE_ONLY___ │ 
2025-01-27 14:20:09,151 INFO     ___FILE_ONLY___ Google Cloud CLI Core Libraries (Platform Specific)
2025-01-27 14:20:09,151 INFO     ___FILE_ONLY___  
2025-01-27 14:20:09,151 INFO     ___FILE_ONLY___ │ 
2025-01-27 14:20:09,151 INFO     ___FILE_ONLY___ 2024.08.30
2025-01-27 14:20:09,151 INFO     ___FILE_ONLY___  
2025-01-27 14:20:09,151 INFO     ___FILE_ONLY___ │ 
2025-01-27 14:20:09,151 INFO     ___FILE_ONLY___  < 1 MiB
2025-01-27 14:20:09,151 INFO     ___FILE_ONLY___  
2025-01-27 14:20:09,151 INFO     ___FILE_ONLY___ │
2025-01-27 14:20:09,151 INFO     ___FILE_ONLY___ 

2025-01-27 14:20:09,151 INFO     ___FILE_ONLY___ │ 
2025-01-27 14:20:09,151 INFO     ___FILE_ONLY___ Google Cloud CRC32C Hash Tool (Platform Specific)  
2025-01-27 14:20:09,151 INFO     ___FILE_ONLY___  
2025-01-27 14:20:09,151 INFO     ___FILE_ONLY___ │ 
2025-01-27 14:20:09,152 INFO     ___FILE_ONLY___      1.0.0
2025-01-27 14:20:09,152 INFO     ___FILE_ONLY___  
2025-01-27 14:20:09,152 INFO     ___FILE_ONLY___ │ 
2025-01-27 14:20:09,152 INFO     ___FILE_ONLY___  1.4 MiB
2025-01-27 14:20:09,152 INFO     ___FILE_ONLY___  
2025-01-27 14:20:09,152 INFO     ___FILE_ONLY___ │
2025-01-27 14:20:09,152 INFO     ___FILE_ONLY___ 

2025-01-27 14:20:09,152 INFO     ___FILE_ONLY___ │ 
2025-01-27 14:20:09,152 INFO     ___FILE_ONLY___ gcloud cli dependencies (Platform Specific)        
2025-01-27 14:20:09,152 INFO     ___FILE_ONLY___  
2025-01-27 14:20:09,152 INFO     ___FILE_ONLY___ │ 
2025-01-27 14:20:09,152 INFO     ___FILE_ONLY___ 2021.04.16
2025-01-27 14:20:09,152 INFO     ___FILE_ONLY___  
2025-01-27 14:20:09,152 INFO     ___FILE_ONLY___ │ 
2025-01-27 14:20:09,152 INFO     ___FILE_ONLY___  < 1 MiB
2025-01-27 14:20:09,152 INFO     ___FILE_ONLY___  
2025-01-27 14:20:09,152 INFO     ___FILE_ONLY___ │
2025-01-27 14:20:09,152 INFO     ___FILE_ONLY___ 

2025-01-27 14:20:09,152 INFO     ___FILE_ONLY___ └─────────────────────────────────────────────────────┴────────────┴──────────┘
2025-01-27 14:20:09,152 INFO     ___FILE_ONLY___ 

2025-01-27 14:20:09,153 INFO     ___FILE_ONLY___ 

2025-01-27 14:20:09,156 DEBUG    urllib3.connectionpool Starting new HTTPS connection (1): dl.google.com:443
2025-01-27 14:20:09,411 DEBUG    urllib3.connectionpool https://dl.google.com:443 "GET /dl/cloudsdk/channels/rapid/RELEASE_NOTES HTTP/1.1" 200 1343836
2025-01-27 14:20:10,383 INFO     ___FILE_ONLY___ For the latest full release notes, please visit:
  https://cloud.google.com/sdk/release_notes


2025-01-27 14:20:10,383 INFO     ___FILE_ONLY___ Performing in place update...


2025-01-27 14:20:10,385 INFO     ___FILE_ONLY___ ╔════════════════════════════════════════════════════════════╗

2025-01-27 14:20:10,386 INFO     ___FILE_ONLY___ ╠═ Downloading: BigQuery Command Line Tool                  ═╣

2025-01-27 14:20:10,386 INFO     ___FILE_ONLY___ ╚
2025-01-27 14:20:10,389 DEBUG    urllib3.connectionpool Starting new HTTPS connection (1): dl.google.com:443
2025-01-27 14:20:10,726 DEBUG    urllib3.connectionpool https://dl.google.com:443 "GET /dl/cloudsdk/channels/rapid/components/google-cloud-sdk-bq-20250117151628.tar.gz HTTP/1.1" 200 1853621
2025-01-27 14:20:12,172 INFO     ___FILE_ONLY___ ═
2025-01-27 14:20:12,172 INFO     ___FILE_ONLY___ ═
2025-01-27 14:20:12,172 INFO     ___FILE_ONLY___ ═
2025-01-27 14:20:12,173 INFO     ___FILE_ONLY___ ═
2025-01-27 14:20:12,173 INFO     ___FILE_ONLY___ ═
2025-01-27 14:20:12,173 INFO     ___FILE_ONLY___ ═
2025-01-27 14:20:12,173 INFO     ___FILE_ONLY___ ═
2025-01-27 14:20:12,173 INFO     ___FILE_ONLY___ ═
2025-01-27 14:20:12,173 INFO     ___FILE_ONLY___ ═
2025-01-27 14:20:12,173 INFO     ___FILE_ONLY___ ═
2025-01-27 14:20:12,173 INFO     ___FILE_ONLY___ ═
2025-01-27 14:20:12,173 INFO     ___FILE_ONLY___ ═
2025-01-27 14:20:12,173 INFO     ___FILE_ONLY___ ═
2025-01-27 14:20:12,173 INFO     ___FILE_ONLY___ ═
2025-01-27 14:20:12,174 INFO     ___FILE_ONLY___ ═
2025-01-27 14:20:12,174 INFO     ___FILE_ONLY___ ═
2025-01-27 14:20:12,174 INFO     ___FILE_ONLY___ ═
2025-01-27 14:20:12,174 INFO     ___FILE_ONLY___ ═
2025-01-27 14:20:12,174 INFO     ___FILE_ONLY___ ═
2025-01-27 14:20:12,174 INFO     ___FILE_ONLY___ ═
2025-01-27 14:20:12,174 INFO     ___FILE_ONLY___ ═
2025-01-27 14:20:12,174 INFO     ___FILE_ONLY___ ═
2025-01-27 14:20:12,174 INFO     ___FILE_ONLY___ ═
2025-01-27 14:20:12,174 INFO     ___FILE_ONLY___ ═
2025-01-27 14:20:12,175 INFO     ___FILE_ONLY___ ═
2025-01-27 14:20:12,175 INFO     ___FILE_ONLY___ ═
2025-01-27 14:20:12,175 INFO     ___FILE_ONLY___ ═
2025-01-27 14:20:12,175 INFO     ___FILE_ONLY___ ═
2025-01-27 14:20:12,175 INFO     ___FILE_ONLY___ ═
2025-01-27 14:20:12,175 INFO     ___FILE_ONLY___ ═
2025-01-27 14:20:12,175 INFO     ___FILE_ONLY___ ═
2025-01-27 14:20:12,175 INFO     ___FILE_ONLY___ ═
2025-01-27 14:20:12,175 INFO     ___FILE_ONLY___ ═
2025-01-27 14:20:12,175 INFO     ___FILE_ONLY___ ═
2025-01-27 14:20:12,175 INFO     ___FILE_ONLY___ ═
2025-01-27 14:20:12,175 INFO     ___FILE_ONLY___ ═
2025-01-27 14:20:12,176 INFO     ___FILE_ONLY___ ═
2025-01-27 14:20:12,176 INFO     ___FILE_ONLY___ ═
2025-01-27 14:20:12,176 INFO     ___FILE_ONLY___ ═
2025-01-27 14:20:12,176 INFO     ___FILE_ONLY___ ═
2025-01-27 14:20:12,176 INFO     ___FILE_ONLY___ ═
2025-01-27 14:20:12,176 INFO     ___FILE_ONLY___ ═
2025-01-27 14:20:12,176 INFO     ___FILE_ONLY___ ═
2025-01-27 14:20:12,176 INFO     ___FILE_ONLY___ ═
2025-01-27 14:20:12,176 INFO     ___FILE_ONLY___ ═
2025-01-27 14:20:12,176 INFO     ___FILE_ONLY___ ═
2025-01-27 14:20:12,177 INFO     ___FILE_ONLY___ ═
2025-01-27 14:20:12,177 INFO     ___FILE_ONLY___ ═
2025-01-27 14:20:12,177 INFO     ___FILE_ONLY___ ═
2025-01-27 14:20:12,177 INFO     ___FILE_ONLY___ ═
2025-01-27 14:20:12,177 INFO     ___FILE_ONLY___ ═
2025-01-27 14:20:12,177 INFO     ___FILE_ONLY___ ═
2025-01-27 14:20:12,177 INFO     ___FILE_ONLY___ ═
2025-01-27 14:20:12,177 INFO     ___FILE_ONLY___ ═
2025-01-27 14:20:12,177 INFO     ___FILE_ONLY___ ═
2025-01-27 14:20:12,177 INFO     ___FILE_ONLY___ ═
2025-01-27 14:20:12,177 INFO     ___FILE_ONLY___ ═
2025-01-27 14:20:12,177 INFO     ___FILE_ONLY___ ═
2025-01-27 14:20:12,178 INFO     ___FILE_ONLY___ ═
2025-01-27 14:20:12,178 INFO     ___FILE_ONLY___ ═
2025-01-27 14:20:12,178 INFO     ___FILE_ONLY___ ╝

2025-01-27 14:20:12,180 INFO     ___FILE_ONLY___ ╔════════════════════════════════════════════════════════════╗

2025-01-27 14:20:12,180 INFO     ___FILE_ONLY___ ╠═ Downloading: BigQuery Command Line Tool (Platform Spe... ═╣

2025-01-27 14:20:12,180 INFO     ___FILE_ONLY___ ╚
2025-01-27 14:20:12,187 DEBUG    urllib3.connectionpool Starting new HTTPS connection (1): dl.google.com:443
2025-01-27 14:20:12,453 DEBUG    urllib3.connectionpool https://dl.google.com:443 "GET /dl/cloudsdk/channels/rapid/components/google-cloud-sdk-bq-nix-20240830134514.tar.gz HTTP/1.1" 200 1914
2025-01-27 14:20:12,454 INFO     ___FILE_ONLY___ ════════════════════════════════════════════════════════════
2025-01-27 14:20:12,454 INFO     ___FILE_ONLY___ ╝

2025-01-27 14:20:12,456 INFO     ___FILE_ONLY___ ╔════════════════════════════════════════════════════════════╗

2025-01-27 14:20:12,456 INFO     ___FILE_ONLY___ ╠═ Downloading: Bundled Python 3.11                         ═╣

2025-01-27 14:20:12,456 INFO     ___FILE_ONLY___ ╚
2025-01-27 14:20:12,457 INFO     ___FILE_ONLY___ ════════════════════════════════════════════════════════════
2025-01-27 14:20:12,457 INFO     ___FILE_ONLY___ ╝

2025-01-27 14:20:12,458 INFO     ___FILE_ONLY___ ╔════════════════════════════════════════════════════════════╗

2025-01-27 14:20:12,459 INFO     ___FILE_ONLY___ ╠═ Downloading: Bundled Python 3.11 (Platform Specific)     ═╣

2025-01-27 14:20:12,459 INFO     ___FILE_ONLY___ ╚
2025-01-27 14:20:12,462 DEBUG    urllib3.connectionpool Starting new HTTPS connection (1): dl.google.com:443
2025-01-27 14:20:14,047 DEBUG    urllib3.connectionpool https://dl.google.com:443 "GET /dl/cloudsdk/channels/rapid/components/google-cloud-sdk-bundled-python3-unix-linux-x86_64-20240920144119.tar.gz HTTP/1.1" 200 78001783
2025-01-27 14:20:20,775 INFO     ___FILE_ONLY___ ═
2025-01-27 14:20:20,777 INFO     ___FILE_ONLY___ ═
2025-01-27 14:20:20,779 INFO     ___FILE_ONLY___ ═
2025-01-27 14:20:20,780 INFO     ___FILE_ONLY___ ═
2025-01-27 14:20:20,782 INFO     ___FILE_ONLY___ ═
2025-01-27 14:20:20,784 INFO     ___FILE_ONLY___ ═
2025-01-27 14:20:20,785 INFO     ___FILE_ONLY___ ═
2025-01-27 14:20:20,787 INFO     ___FILE_ONLY___ ═
2025-01-27 14:20:20,789 INFO     ___FILE_ONLY___ ═
2025-01-27 14:20:20,790 INFO     ___FILE_ONLY___ ═
2025-01-27 14:20:20,792 INFO     ___FILE_ONLY___ ═
2025-01-27 14:20:20,794 INFO     ___FILE_ONLY___ ═
2025-01-27 14:20:20,795 INFO     ___FILE_ONLY___ ═
2025-01-27 14:20:20,797 INFO     ___FILE_ONLY___ ═
2025-01-27 14:20:20,798 INFO     ___FILE_ONLY___ ═
2025-01-27 14:20:20,800 INFO     ___FILE_ONLY___ ═
2025-01-27 14:20:20,802 INFO     ___FILE_ONLY___ ═
2025-01-27 14:20:20,803 INFO     ___FILE_ONLY___ ═
2025-01-27 14:20:20,805 INFO     ___FILE_ONLY___ ═
2025-01-27 14:20:20,807 INFO     ___FILE_ONLY___ ═
2025-01-27 14:20:20,808 INFO     ___FILE_ONLY___ ═
2025-01-27 14:20:20,810 INFO     ___FILE_ONLY___ ═
2025-01-27 14:20:20,811 INFO     ___FILE_ONLY___ ═
2025-01-27 14:20:20,813 INFO     ___FILE_ONLY___ ═
2025-01-27 14:20:20,815 INFO     ___FILE_ONLY___ ═
2025-01-27 14:20:20,816 INFO     ___FILE_ONLY___ ═
2025-01-27 14:20:20,818 INFO     ___FILE_ONLY___ ═
2025-01-27 14:20:20,819 INFO     ___FILE_ONLY___ ═
2025-01-27 14:20:20,821 INFO     ___FILE_ONLY___ ═
2025-01-27 14:20:20,822 INFO     ___FILE_ONLY___ ═
2025-01-27 14:20:20,824 INFO     ___FILE_ONLY___ ═
2025-01-27 14:20:20,826 INFO     ___FILE_ONLY___ ═
2025-01-27 14:20:20,827 INFO     ___FILE_ONLY___ ═
2025-01-27 14:20:20,829 INFO     ___FILE_ONLY___ ═
2025-01-27 14:20:20,830 INFO     ___FILE_ONLY___ ═
2025-01-27 14:20:20,832 INFO     ___FILE_ONLY___ ═
2025-01-27 14:20:20,834 INFO     ___FILE_ONLY___ ═
2025-01-27 14:20:20,835 INFO     ___FILE_ONLY___ ═
2025-01-27 14:20:20,837 INFO     ___FILE_ONLY___ ═
2025-01-27 14:20:20,838 INFO     ___FILE_ONLY___ ═
2025-01-27 14:20:20,840 INFO     ___FILE_ONLY___ ═
2025-01-27 14:20:20,841 INFO     ___FILE_ONLY___ ═
2025-01-27 14:20:20,843 INFO     ___FILE_ONLY___ ═
2025-01-27 14:20:20,845 INFO     ___FILE_ONLY___ ═
2025-01-27 14:20:20,846 INFO     ___FILE_ONLY___ ═
2025-01-27 14:20:20,848 INFO     ___FILE_ONLY___ ═
2025-01-27 14:20:20,849 INFO     ___FILE_ONLY___ ═
2025-01-27 14:20:20,851 INFO     ___FILE_ONLY___ ═
2025-01-27 14:20:20,853 INFO     ___FILE_ONLY___ ═
2025-01-27 14:20:20,854 INFO     ___FILE_ONLY___ ═
2025-01-27 14:20:20,856 INFO     ___FILE_ONLY___ ═
2025-01-27 14:20:20,857 INFO     ___FILE_ONLY___ ═
2025-01-27 14:20:20,859 INFO     ___FILE_ONLY___ ═
2025-01-27 14:20:20,860 INFO     ___FILE_ONLY___ ═
2025-01-27 14:20:20,862 INFO     ___FILE_ONLY___ ═
2025-01-27 14:20:20,864 INFO     ___FILE_ONLY___ ═
2025-01-27 14:20:20,865 INFO     ___FILE_ONLY___ ═
2025-01-27 14:20:20,867 INFO     ___FILE_ONLY___ ═
2025-01-27 14:20:20,868 INFO     ___FILE_ONLY___ ═
2025-01-27 14:20:20,870 INFO     ___FILE_ONLY___ ═
2025-01-27 14:20:20,870 INFO     ___FILE_ONLY___ ╝

2025-01-27 14:20:20,873 INFO     ___FILE_ONLY___ ╔════════════════════════════════════════════════════════════╗

2025-01-27 14:20:20,873 INFO     ___FILE_ONLY___ ╠═ Downloading: Cloud Storage Command Line Tool             ═╣

2025-01-27 14:20:20,873 INFO     ___FILE_ONLY___ ╚
2025-01-27 14:20:20,876 DEBUG    urllib3.connectionpool Starting new HTTPS connection (1): dl.google.com:443
2025-01-27 14:20:21,128 DEBUG    urllib3.connectionpool https://dl.google.com:443 "GET /dl/cloudsdk/channels/rapid/components/google-cloud-sdk-gsutil-20241213184646.tar.gz HTTP/1.1" 200 12368759
2025-01-27 14:20:22,733 INFO     ___FILE_ONLY___ ═
2025-01-27 14:20:22,733 INFO     ___FILE_ONLY___ ═
2025-01-27 14:20:22,733 INFO     ___FILE_ONLY___ ═
2025-01-27 14:20:22,734 INFO     ___FILE_ONLY___ ═
2025-01-27 14:20:22,734 INFO     ___FILE_ONLY___ ═
2025-01-27 14:20:22,734 INFO     ___FILE_ONLY___ ═
2025-01-27 14:20:22,735 INFO     ___FILE_ONLY___ ═
2025-01-27 14:20:22,735 INFO     ___FILE_ONLY___ ═
2025-01-27 14:20:22,736 INFO     ___FILE_ONLY___ ═
2025-01-27 14:20:22,736 INFO     ___FILE_ONLY___ ═
2025-01-27 14:20:22,736 INFO     ___FILE_ONLY___ ═
2025-01-27 14:20:22,737 INFO     ___FILE_ONLY___ ═
2025-01-27 14:20:22,737 INFO     ___FILE_ONLY___ ═
2025-01-27 14:20:22,737 INFO     ___FILE_ONLY___ ═
2025-01-27 14:20:22,738 INFO     ___FILE_ONLY___ ═
2025-01-27 14:20:22,738 INFO     ___FILE_ONLY___ ═
2025-01-27 14:20:22,739 INFO     ___FILE_ONLY___ ═
2025-01-27 14:20:22,739 INFO     ___FILE_ONLY___ ═
2025-01-27 14:20:22,739 INFO     ___FILE_ONLY___ ═
2025-01-27 14:20:22,740 INFO     ___FILE_ONLY___ ═
2025-01-27 14:20:22,740 INFO     ___FILE_ONLY___ ═
2025-01-27 14:20:22,740 INFO     ___FILE_ONLY___ ═
2025-01-27 14:20:22,741 INFO     ___FILE_ONLY___ ═
2025-01-27 14:20:22,741 INFO     ___FILE_ONLY___ ═
2025-01-27 14:20:22,741 INFO     ___FILE_ONLY___ ═
2025-01-27 14:20:22,742 INFO     ___FILE_ONLY___ ═
2025-01-27 14:20:22,742 INFO     ___FILE_ONLY___ ═
2025-01-27 14:20:22,742 INFO     ___FILE_ONLY___ ═
2025-01-27 14:20:22,743 INFO     ___FILE_ONLY___ ═
2025-01-27 14:20:22,743 INFO     ___FILE_ONLY___ ═
2025-01-27 14:20:22,743 INFO     ___FILE_ONLY___ ═
2025-01-27 14:20:22,744 INFO     ___FILE_ONLY___ ═
2025-01-27 14:20:22,744 INFO     ___FILE_ONLY___ ═
2025-01-27 14:20:22,745 INFO     ___FILE_ONLY___ ═
2025-01-27 14:20:22,745 INFO     ___FILE_ONLY___ ═
2025-01-27 14:20:22,745 INFO     ___FILE_ONLY___ ═
2025-01-27 14:20:22,746 INFO     ___FILE_ONLY___ ═
2025-01-27 14:20:22,746 INFO     ___FILE_ONLY___ ═
2025-01-27 14:20:22,746 INFO     ___FILE_ONLY___ ═
2025-01-27 14:20:22,747 INFO     ___FILE_ONLY___ ═
2025-01-27 14:20:22,747 INFO     ___FILE_ONLY___ ═
2025-01-27 14:20:22,747 INFO     ___FILE_ONLY___ ═
2025-01-27 14:20:22,748 INFO     ___FILE_ONLY___ ═
2025-01-27 14:20:22,748 INFO     ___FILE_ONLY___ ═
2025-01-27 14:20:22,748 INFO     ___FILE_ONLY___ ═
2025-01-27 14:20:22,749 INFO     ___FILE_ONLY___ ═
2025-01-27 14:20:22,749 INFO     ___FILE_ONLY___ ═
2025-01-27 14:20:22,749 INFO     ___FILE_ONLY___ ═
2025-01-27 14:20:22,750 INFO     ___FILE_ONLY___ ═
2025-01-27 14:20:22,750 INFO     ___FILE_ONLY___ ═
2025-01-27 14:20:22,751 INFO     ___FILE_ONLY___ ═
2025-01-27 14:20:22,751 INFO     ___FILE_ONLY___ ═
2025-01-27 14:20:22,751 INFO     ___FILE_ONLY___ ═
2025-01-27 14:20:22,752 INFO     ___FILE_ONLY___ ═
2025-01-27 14:20:22,752 INFO     ___FILE_ONLY___ ═
2025-01-27 14:20:22,752 INFO     ___FILE_ONLY___ ═
2025-01-27 14:20:22,753 INFO     ___FILE_ONLY___ ═
2025-01-27 14:20:22,753 INFO     ___FILE_ONLY___ ═
2025-01-27 14:20:22,753 INFO     ___FILE_ONLY___ ═
2025-01-27 14:20:22,754 INFO     ___FILE_ONLY___ ═
2025-01-27 14:20:22,754 INFO     ___FILE_ONLY___ ╝

2025-01-27 14:20:22,757 INFO     ___FILE_ONLY___ ╔════════════════════════════════════════════════════════════╗

2025-01-27 14:20:22,757 INFO     ___FILE_ONLY___ ╠═ Downloading: Cloud Storage Command Line Tool (Platfor... ═╣

2025-01-27 14:20:22,757 INFO     ___FILE_ONLY___ ╚
2025-01-27 14:20:22,760 DEBUG    urllib3.connectionpool Starting new HTTPS connection (1): dl.google.com:443
2025-01-27 14:20:22,995 DEBUG    urllib3.connectionpool https://dl.google.com:443 "GET /dl/cloudsdk/channels/rapid/components/google-cloud-sdk-gsutil-nix-20240830134514.tar.gz HTTP/1.1" 200 1928
2025-01-27 14:20:22,996 INFO     ___FILE_ONLY___ ════════════════════════════════════════════════════════════
2025-01-27 14:20:22,996 INFO     ___FILE_ONLY___ ╝

2025-01-27 14:20:22,998 INFO     ___FILE_ONLY___ ╔════════════════════════════════════════════════════════════╗

2025-01-27 14:20:22,999 INFO     ___FILE_ONLY___ ╠═ Downloading: Default set of gcloud commands              ═╣

2025-01-27 14:20:22,999 INFO     ___FILE_ONLY___ ╚
2025-01-27 14:20:22,999 INFO     ___FILE_ONLY___ ════════════════════════════════════════════════════════════
2025-01-27 14:20:22,999 INFO     ___FILE_ONLY___ ╝

2025-01-27 14:20:23,001 INFO     ___FILE_ONLY___ ╔════════════════════════════════════════════════════════════╗

2025-01-27 14:20:23,001 INFO     ___FILE_ONLY___ ╠═ Downloading: Google Cloud CLI Core Libraries (Platfor... ═╣

2025-01-27 14:20:23,001 INFO     ___FILE_ONLY___ ╚
2025-01-27 14:20:23,004 DEBUG    urllib3.connectionpool Starting new HTTPS connection (1): dl.google.com:443
2025-01-27 14:20:24,083 DEBUG    urllib3.connectionpool https://dl.google.com:443 "GET /dl/cloudsdk/channels/rapid/components/google-cloud-sdk-core-nix-20240830134514.tar.gz HTTP/1.1" 200 2306
2025-01-27 14:20:24,084 INFO     ___FILE_ONLY___ ════════════════════════════════════════════════════════════
2025-01-27 14:20:24,084 INFO     ___FILE_ONLY___ ╝

2025-01-27 14:20:24,086 INFO     ___FILE_ONLY___ ╔════════════════════════════════════════════════════════════╗

2025-01-27 14:20:24,086 INFO     ___FILE_ONLY___ ╠═ Downloading: Google Cloud CRC32C Hash Tool               ═╣

2025-01-27 14:20:24,086 INFO     ___FILE_ONLY___ ╚
2025-01-27 14:20:24,086 INFO     ___FILE_ONLY___ ════════════════════════════════════════════════════════════
2025-01-27 14:20:24,086 INFO     ___FILE_ONLY___ ╝

2025-01-27 14:20:24,088 INFO     ___FILE_ONLY___ ╔════════════════════════════════════════════════════════════╗

2025-01-27 14:20:24,088 INFO     ___FILE_ONLY___ ╠═ Downloading: Google Cloud CRC32C Hash Tool (Platform ... ═╣

2025-01-27 14:20:24,088 INFO     ___FILE_ONLY___ ╚
2025-01-27 14:20:24,091 DEBUG    urllib3.connectionpool Starting new HTTPS connection (1): dl.google.com:443
2025-01-27 14:20:24,344 DEBUG    urllib3.connectionpool https://dl.google.com:443 "GET /dl/cloudsdk/channels/rapid/components/google-cloud-sdk-gcloud-crc32c-linux-x86_64-20250110133808.tar.gz HTTP/1.1" 200 1478989
2025-01-27 14:20:25,305 INFO     ___FILE_ONLY___ ═
2025-01-27 14:20:25,305 INFO     ___FILE_ONLY___ ═
2025-01-27 14:20:25,306 INFO     ___FILE_ONLY___ ═
2025-01-27 14:20:25,306 INFO     ___FILE_ONLY___ ═
2025-01-27 14:20:25,306 INFO     ___FILE_ONLY___ ═
2025-01-27 14:20:25,306 INFO     ___FILE_ONLY___ ═
2025-01-27 14:20:25,306 INFO     ___FILE_ONLY___ ═
2025-01-27 14:20:25,306 INFO     ___FILE_ONLY___ ═
2025-01-27 14:20:25,306 INFO     ___FILE_ONLY___ ═
2025-01-27 14:20:25,306 INFO     ___FILE_ONLY___ ═
2025-01-27 14:20:25,306 INFO     ___FILE_ONLY___ ═
2025-01-27 14:20:25,306 INFO     ___FILE_ONLY___ ═
2025-01-27 14:20:25,306 INFO     ___FILE_ONLY___ ═
2025-01-27 14:20:25,306 INFO     ___FILE_ONLY___ ═
2025-01-27 14:20:25,307 INFO     ___FILE_ONLY___ ═
2025-01-27 14:20:25,307 INFO     ___FILE_ONLY___ ═
2025-01-27 14:20:25,307 INFO     ___FILE_ONLY___ ═
2025-01-27 14:20:25,307 INFO     ___FILE_ONLY___ ═
2025-01-27 14:20:25,307 INFO     ___FILE_ONLY___ ═
2025-01-27 14:20:25,307 INFO     ___FILE_ONLY___ ═
2025-01-27 14:20:25,307 INFO     ___FILE_ONLY___ ═
2025-01-27 14:20:25,307 INFO     ___FILE_ONLY___ ═
2025-01-27 14:20:25,307 INFO     ___FILE_ONLY___ ═
2025-01-27 14:20:25,307 INFO     ___FILE_ONLY___ ═
2025-01-27 14:20:25,307 INFO     ___FILE_ONLY___ ═
2025-01-27 14:20:25,307 INFO     ___FILE_ONLY___ ═
2025-01-27 14:20:25,307 INFO     ___FILE_ONLY___ ═
2025-01-27 14:20:25,308 INFO     ___FILE_ONLY___ ═
2025-01-27 14:20:25,308 INFO     ___FILE_ONLY___ ═
2025-01-27 14:20:25,308 INFO     ___FILE_ONLY___ ═
2025-01-27 14:20:25,308 INFO     ___FILE_ONLY___ ═
2025-01-27 14:20:25,308 INFO     ___FILE_ONLY___ ═
2025-01-27 14:20:25,308 INFO     ___FILE_ONLY___ ═
2025-01-27 14:20:25,308 INFO     ___FILE_ONLY___ ═
2025-01-27 14:20:25,308 INFO     ___FILE_ONLY___ ═
2025-01-27 14:20:25,308 INFO     ___FILE_ONLY___ ═
2025-01-27 14:20:25,308 INFO     ___FILE_ONLY___ ═
2025-01-27 14:20:25,308 INFO     ___FILE_ONLY___ ═
2025-01-27 14:20:25,309 INFO     ___FILE_ONLY___ ═
2025-01-27 14:20:25,309 INFO     ___FILE_ONLY___ ═
2025-01-27 14:20:25,309 INFO     ___FILE_ONLY___ ═
2025-01-27 14:20:25,309 INFO     ___FILE_ONLY___ ═
2025-01-27 14:20:25,309 INFO     ___FILE_ONLY___ ═
2025-01-27 14:20:25,309 INFO     ___FILE_ONLY___ ═
2025-01-27 14:20:25,309 INFO     ___FILE_ONLY___ ═
2025-01-27 14:20:25,309 INFO     ___FILE_ONLY___ ═
2025-01-27 14:20:25,309 INFO     ___FILE_ONLY___ ═
2025-01-27 14:20:25,309 INFO     ___FILE_ONLY___ ═
2025-01-27 14:20:25,309 INFO     ___FILE_ONLY___ ═
2025-01-27 14:20:25,309 INFO     ___FILE_ONLY___ ═
2025-01-27 14:20:25,309 INFO     ___FILE_ONLY___ ═
2025-01-27 14:20:25,310 INFO     ___FILE_ONLY___ ═
2025-01-27 14:20:25,310 INFO     ___FILE_ONLY___ ═
2025-01-27 14:20:25,310 INFO     ___FILE_ONLY___ ═
2025-01-27 14:20:25,310 INFO     ___FILE_ONLY___ ═
2025-01-27 14:20:25,310 INFO     ___FILE_ONLY___ ═
2025-01-27 14:20:25,310 INFO     ___FILE_ONLY___ ═
2025-01-27 14:20:25,310 INFO     ___FILE_ONLY___ ═
2025-01-27 14:20:25,310 INFO     ___FILE_ONLY___ ═
2025-01-27 14:20:25,310 INFO     ___FILE_ONLY___ ═
2025-01-27 14:20:25,310 INFO     ___FILE_ONLY___ ╝

2025-01-27 14:20:25,312 INFO     ___FILE_ONLY___ ╔════════════════════════════════════════════════════════════╗

2025-01-27 14:20:25,312 INFO     ___FILE_ONLY___ ╠═ Downloading: gcloud cli dependencies (Platform Specific) ═╣

2025-01-27 14:20:25,312 INFO     ___FILE_ONLY___ ╚
2025-01-27 14:20:25,315 DEBUG    urllib3.connectionpool Starting new HTTPS connection (1): dl.google.com:443
2025-01-27 14:20:25,559 DEBUG    urllib3.connectionpool https://dl.google.com:443 "GET /dl/cloudsdk/channels/rapid/components/google-cloud-sdk-gcloud-deps-linux-x86_64-20210416153011.tar.gz HTTP/1.1" 200 104
2025-01-27 14:20:25,560 INFO     ___FILE_ONLY___ ════════════════════════════════════════════════════════════
2025-01-27 14:20:25,560 INFO     ___FILE_ONLY___ ╝

2025-01-27 14:20:25,562 INFO     ___FILE_ONLY___ ╔════════════════════════════════════════════════════════════╗

2025-01-27 14:20:25,562 INFO     ___FILE_ONLY___ ╠═ Installing: BigQuery Command Line Tool                   ═╣

2025-01-27 14:20:25,562 INFO     ___FILE_ONLY___ ╚
2025-01-27 14:20:25,663 INFO     ___FILE_ONLY___ ═
2025-01-27 14:20:25,666 INFO     ___FILE_ONLY___ ═
2025-01-27 14:20:25,669 INFO     ___FILE_ONLY___ ═
2025-01-27 14:20:25,671 INFO     ___FILE_ONLY___ ═
2025-01-27 14:20:25,674 INFO     ___FILE_ONLY___ ═
2025-01-27 14:20:25,676 INFO     ___FILE_ONLY___ ═
2025-01-27 14:20:25,678 INFO     ___FILE_ONLY___ ═
2025-01-27 14:20:25,681 INFO     ___FILE_ONLY___ ═
2025-01-27 14:20:25,683 INFO     ___FILE_ONLY___ ═
2025-01-27 14:20:25,685 INFO     ___FILE_ONLY___ ═
2025-01-27 14:20:25,687 INFO     ___FILE_ONLY___ ═
2025-01-27 14:20:25,689 INFO     ___FILE_ONLY___ ═
2025-01-27 14:20:25,691 INFO     ___FILE_ONLY___ ═
2025-01-27 14:20:25,694 INFO     ___FILE_ONLY___ ═
2025-01-27 14:20:25,696 INFO     ___FILE_ONLY___ ═
2025-01-27 14:20:25,698 INFO     ___FILE_ONLY___ ═
2025-01-27 14:20:25,700 INFO     ___FILE_ONLY___ ═
2025-01-27 14:20:25,704 INFO     ___FILE_ONLY___ ═
2025-01-27 14:20:25,705 INFO     ___FILE_ONLY___ ═
2025-01-27 14:20:25,708 INFO     ___FILE_ONLY___ ═
2025-01-27 14:20:25,710 INFO     ___FILE_ONLY___ ═
2025-01-27 14:20:25,713 INFO     ___FILE_ONLY___ ═
2025-01-27 14:20:25,714 INFO     ___FILE_ONLY___ ═
2025-01-27 14:20:25,716 INFO     ___FILE_ONLY___ ═
2025-01-27 14:20:25,718 INFO     ___FILE_ONLY___ ═
2025-01-27 14:20:25,720 INFO     ___FILE_ONLY___ ═
2025-01-27 14:20:25,722 INFO     ___FILE_ONLY___ ═
2025-01-27 14:20:25,725 INFO     ___FILE_ONLY___ ═
2025-01-27 14:20:25,729 INFO     ___FILE_ONLY___ ═
2025-01-27 14:20:25,731 INFO     ___FILE_ONLY___ ═
2025-01-27 14:20:25,733 INFO     ___FILE_ONLY___ ═
2025-01-27 14:20:25,735 INFO     ___FILE_ONLY___ ═
2025-01-27 14:20:25,738 INFO     ___FILE_ONLY___ ═
2025-01-27 14:20:25,742 INFO     ___FILE_ONLY___ ═
2025-01-27 14:20:25,752 INFO     ___FILE_ONLY___ ═
2025-01-27 14:20:25,753 INFO     ___FILE_ONLY___ ═
2025-01-27 14:20:25,756 INFO     ___FILE_ONLY___ ═
2025-01-27 14:20:25,760 INFO     ___FILE_ONLY___ ═
2025-01-27 14:20:25,763 INFO     ___FILE_ONLY___ ═
2025-01-27 14:20:25,765 INFO     ___FILE_ONLY___ ═
2025-01-27 14:20:25,767 INFO     ___FILE_ONLY___ ═
2025-01-27 14:20:25,770 INFO     ___FILE_ONLY___ ═
2025-01-27 14:20:25,773 INFO     ___FILE_ONLY___ ═
2025-01-27 14:20:25,777 INFO     ___FILE_ONLY___ ═
2025-01-27 14:20:25,779 INFO     ___FILE_ONLY___ ═
2025-01-27 14:20:25,781 INFO     ___FILE_ONLY___ ═
2025-01-27 14:20:25,783 INFO     ___FILE_ONLY___ ═
2025-01-27 14:20:25,785 INFO     ___FILE_ONLY___ ═
2025-01-27 14:20:25,787 INFO     ___FILE_ONLY___ ═
2025-01-27 14:20:25,790 INFO     ___FILE_ONLY___ ═
2025-01-27 14:20:25,792 INFO     ___FILE_ONLY___ ═
2025-01-27 14:20:25,794 INFO     ___FILE_ONLY___ ═
2025-01-27 14:20:25,796 INFO     ___FILE_ONLY___ ═
2025-01-27 14:20:25,798 INFO     ___FILE_ONLY___ ═
2025-01-27 14:20:25,801 INFO     ___FILE_ONLY___ ═
2025-01-27 14:20:25,802 INFO     ___FILE_ONLY___ ═
2025-01-27 14:20:25,804 INFO     ___FILE_ONLY___ ═
2025-01-27 14:20:25,806 INFO     ___FILE_ONLY___ ═
2025-01-27 14:20:25,808 INFO     ___FILE_ONLY___ ═
2025-01-27 14:20:25,811 INFO     ___FILE_ONLY___ ═
2025-01-27 14:20:25,811 INFO     ___FILE_ONLY___ ╝

2025-01-27 14:20:25,819 INFO     ___FILE_ONLY___ ╔════════════════════════════════════════════════════════════╗

2025-01-27 14:20:25,819 INFO     ___FILE_ONLY___ ╠═ Installing: BigQuery Command Line Tool (Platform Spec... ═╣

2025-01-27 14:20:25,819 INFO     ___FILE_ONLY___ ╚
2025-01-27 14:20:25,819 INFO     ___FILE_ONLY___ ════════════════════════════════════════════════════════════
2025-01-27 14:20:25,820 INFO     ___FILE_ONLY___ ╝

2025-01-27 14:20:25,824 INFO     ___FILE_ONLY___ ╔════════════════════════════════════════════════════════════╗

2025-01-27 14:20:25,824 INFO     ___FILE_ONLY___ ╠═ Installing: Bundled Python 3.11                          ═╣

2025-01-27 14:20:25,824 INFO     ___FILE_ONLY___ ╚
2025-01-27 14:20:25,826 INFO     ___FILE_ONLY___ ════════════════════════════════════════════════════════════
2025-01-27 14:20:25,826 INFO     ___FILE_ONLY___ ╝

2025-01-27 14:20:25,828 INFO     ___FILE_ONLY___ ╔════════════════════════════════════════════════════════════╗

2025-01-27 14:20:25,828 INFO     ___FILE_ONLY___ ╠═ Installing: Bundled Python 3.11 (Platform Specific)      ═╣

2025-01-27 14:20:25,828 INFO     ___FILE_ONLY___ ╚
2025-01-27 14:20:27,817 INFO     ___FILE_ONLY___ ═
2025-01-27 14:20:27,832 INFO     ___FILE_ONLY___ ═
2025-01-27 14:20:27,846 INFO     ___FILE_ONLY___ ═
2025-01-27 14:20:27,858 INFO     ___FILE_ONLY___ ═
2025-01-27 14:20:27,871 INFO     ___FILE_ONLY___ ═
2025-01-27 14:20:27,884 INFO     ___FILE_ONLY___ ═
2025-01-27 14:20:27,897 INFO     ___FILE_ONLY___ ═
2025-01-27 14:20:27,910 INFO     ___FILE_ONLY___ ═
2025-01-27 14:20:27,923 INFO     ___FILE_ONLY___ ═
2025-01-27 14:20:27,936 INFO     ___FILE_ONLY___ ═
2025-01-27 14:20:27,948 INFO     ___FILE_ONLY___ ═
2025-01-27 14:20:27,961 INFO     ___FILE_ONLY___ ═
2025-01-27 14:20:27,973 INFO     ___FILE_ONLY___ ═
2025-01-27 14:20:27,986 INFO     ___FILE_ONLY___ ═
2025-01-27 14:20:27,999 INFO     ___FILE_ONLY___ ═
2025-01-27 14:20:28,012 INFO     ___FILE_ONLY___ ═
2025-01-27 14:20:28,026 INFO     ___FILE_ONLY___ ═
2025-01-27 14:20:28,039 INFO     ___FILE_ONLY___ ═
2025-01-27 14:20:28,052 INFO     ___FILE_ONLY___ ═
2025-01-27 14:20:28,065 INFO     ___FILE_ONLY___ ═
2025-01-27 14:20:28,078 INFO     ___FILE_ONLY___ ═
2025-01-27 14:20:28,091 INFO     ___FILE_ONLY___ ═
2025-01-27 14:20:28,104 INFO     ___FILE_ONLY___ ═
2025-01-27 14:20:28,117 INFO     ___FILE_ONLY___ ═
2025-01-27 14:20:28,133 INFO     ___FILE_ONLY___ ═
2025-01-27 14:20:28,148 INFO     ___FILE_ONLY___ ═
2025-01-27 14:20:28,162 INFO     ___FILE_ONLY___ ═
2025-01-27 14:20:28,176 INFO     ___FILE_ONLY___ ═
2025-01-27 14:20:28,191 INFO     ___FILE_ONLY___ ═
2025-01-27 14:20:28,205 INFO     ___FILE_ONLY___ ═
2025-01-27 14:20:28,219 INFO     ___FILE_ONLY___ ═
2025-01-27 14:20:28,234 INFO     ___FILE_ONLY___ ═
2025-01-27 14:20:28,248 INFO     ___FILE_ONLY___ ═
2025-01-27 14:20:28,262 INFO     ___FILE_ONLY___ ═
2025-01-27 14:20:28,278 INFO     ___FILE_ONLY___ ═
2025-01-27 14:20:28,293 INFO     ___FILE_ONLY___ ═
2025-01-27 14:20:29,070 INFO     ___FILE_ONLY___ ═
2025-01-27 14:20:29,097 INFO     ___FILE_ONLY___ ═
2025-01-27 14:20:29,121 INFO     ___FILE_ONLY___ ═
2025-01-27 14:20:29,143 INFO     ___FILE_ONLY___ ═
2025-01-27 14:20:29,164 INFO     ___FILE_ONLY___ ═
2025-01-27 14:20:29,302 INFO     ___FILE_ONLY___ ═
2025-01-27 14:20:29,332 INFO     ___FILE_ONLY___ ═
2025-01-27 14:20:29,352 INFO     ___FILE_ONLY___ ═
2025-01-27 14:20:29,369 INFO     ___FILE_ONLY___ ═
2025-01-27 14:20:29,388 INFO     ___FILE_ONLY___ ═
2025-01-27 14:20:29,419 INFO     ___FILE_ONLY___ ═
2025-01-27 14:20:29,442 INFO     ___FILE_ONLY___ ═
2025-01-27 14:20:29,461 INFO     ___FILE_ONLY___ ═
2025-01-27 14:20:29,476 INFO     ___FILE_ONLY___ ═
2025-01-27 14:20:29,570 INFO     ___FILE_ONLY___ ═
2025-01-27 14:20:29,591 INFO     ___FILE_ONLY___ ═
2025-01-27 14:20:29,611 INFO     ___FILE_ONLY___ ═
2025-01-27 14:20:29,630 INFO     ___FILE_ONLY___ ═
2025-01-27 14:20:29,675 INFO     ___FILE_ONLY___ ═
2025-01-27 14:20:30,043 INFO     ___FILE_ONLY___ ═
2025-01-27 14:20:30,061 INFO     ___FILE_ONLY___ ═
2025-01-27 14:20:30,083 INFO     ___FILE_ONLY___ ═
2025-01-27 14:20:30,103 INFO     ___FILE_ONLY___ ═
2025-01-27 14:20:30,470 INFO     ___FILE_ONLY___ ═
2025-01-27 14:20:30,471 INFO     ___FILE_ONLY___ ╝

2025-01-27 14:20:30,521 INFO     ___FILE_ONLY___ ╔════════════════════════════════════════════════════════════╗

2025-01-27 14:20:30,521 INFO     ___FILE_ONLY___ ╠═ Installing: Cloud Storage Command Line Tool              ═╣

2025-01-27 14:20:30,521 INFO     ___FILE_ONLY___ ╚
2025-01-27 14:20:31,058 INFO     ___FILE_ONLY___ ═
2025-01-27 14:20:31,076 INFO     ___FILE_ONLY___ ═
2025-01-27 14:20:31,097 INFO     ___FILE_ONLY___ ═
2025-01-27 14:20:31,115 INFO     ___FILE_ONLY___ ═
2025-01-27 14:20:31,131 INFO     ___FILE_ONLY___ ═
2025-01-27 14:20:31,144 INFO     ___FILE_ONLY___ ═
2025-01-27 14:20:31,159 INFO     ___FILE_ONLY___ ═
2025-01-27 14:20:31,172 INFO     ___FILE_ONLY___ ═
2025-01-27 14:20:31,187 INFO     ___FILE_ONLY___ ═
2025-01-27 14:20:31,201 INFO     ___FILE_ONLY___ ═
2025-01-27 14:20:31,215 INFO     ___FILE_ONLY___ ═
2025-01-27 14:20:31,227 INFO     ___FILE_ONLY___ ═
2025-01-27 14:20:31,237 INFO     ___FILE_ONLY___ ═
2025-01-27 14:20:31,247 INFO     ___FILE_ONLY___ ═
2025-01-27 14:20:31,257 INFO     ___FILE_ONLY___ ═
2025-01-27 14:20:31,267 INFO     ___FILE_ONLY___ ═
2025-01-27 14:20:31,279 INFO     ___FILE_ONLY___ ═
2025-01-27 14:20:31,290 INFO     ___FILE_ONLY___ ═
2025-01-27 14:20:31,301 INFO     ___FILE_ONLY___ ═
2025-01-27 14:20:31,312 INFO     ___FILE_ONLY___ ═
2025-01-27 14:20:31,325 INFO     ___FILE_ONLY___ ═
2025-01-27 14:20:31,340 INFO     ___FILE_ONLY___ ═
2025-01-27 14:20:31,355 INFO     ___FILE_ONLY___ ═
2025-01-27 14:20:31,365 INFO     ___FILE_ONLY___ ═
2025-01-27 14:20:31,379 INFO     ___FILE_ONLY___ ═
2025-01-27 14:20:31,395 INFO     ___FILE_ONLY___ ═
2025-01-27 14:20:31,413 INFO     ___FILE_ONLY___ ═
2025-01-27 14:20:31,432 INFO     ___FILE_ONLY___ ═
2025-01-27 14:20:31,449 INFO     ___FILE_ONLY___ ═
2025-01-27 14:20:31,470 INFO     ___FILE_ONLY___ ═
2025-01-27 14:20:31,481 INFO     ___FILE_ONLY___ ═
2025-01-27 14:20:31,493 INFO     ___FILE_ONLY___ ═
2025-01-27 14:20:31,512 INFO     ___FILE_ONLY___ ═
2025-01-27 14:20:31,525 INFO     ___FILE_ONLY___ ═
2025-01-27 14:20:31,536 INFO     ___FILE_ONLY___ ═
2025-01-27 14:20:31,546 INFO     ___FILE_ONLY___ ═
2025-01-27 14:20:31,558 INFO     ___FILE_ONLY___ ═
2025-01-27 14:20:31,569 INFO     ___FILE_ONLY___ ═
2025-01-27 14:20:31,580 INFO     ___FILE_ONLY___ ═
2025-01-27 14:20:31,592 INFO     ___FILE_ONLY___ ═
2025-01-27 14:20:31,602 INFO     ___FILE_ONLY___ ═
2025-01-27 14:20:31,617 INFO     ___FILE_ONLY___ ═
2025-01-27 14:20:31,627 INFO     ___FILE_ONLY___ ═
2025-01-27 14:20:31,641 INFO     ___FILE_ONLY___ ═
2025-01-27 14:20:31,657 INFO     ___FILE_ONLY___ ═
2025-01-27 14:20:31,669 INFO     ___FILE_ONLY___ ═
2025-01-27 14:20:31,678 INFO     ___FILE_ONLY___ ═
2025-01-27 14:20:31,689 INFO     ___FILE_ONLY___ ═
2025-01-27 14:20:31,700 INFO     ___FILE_ONLY___ ═
2025-01-27 14:20:31,713 INFO     ___FILE_ONLY___ ═
2025-01-27 14:20:31,730 INFO     ___FILE_ONLY___ ═
2025-01-27 14:20:31,742 INFO     ___FILE_ONLY___ ═
2025-01-27 14:20:31,758 INFO     ___FILE_ONLY___ ═
2025-01-27 14:20:31,772 INFO     ___FILE_ONLY___ ═
2025-01-27 14:20:31,809 INFO     ___FILE_ONLY___ ═
2025-01-27 14:20:31,819 INFO     ___FILE_ONLY___ ═
2025-01-27 14:20:31,830 INFO     ___FILE_ONLY___ ═
2025-01-27 14:20:31,841 INFO     ___FILE_ONLY___ ═
2025-01-27 14:20:31,853 INFO     ___FILE_ONLY___ ═
2025-01-27 14:20:31,868 INFO     ___FILE_ONLY___ ═
2025-01-27 14:20:31,868 INFO     ___FILE_ONLY___ ╝

2025-01-27 14:20:31,900 INFO     ___FILE_ONLY___ ╔════════════════════════════════════════════════════════════╗

2025-01-27 14:20:31,900 INFO     ___FILE_ONLY___ ╠═ Installing: Cloud Storage Command Line Tool (Platform... ═╣

2025-01-27 14:20:31,900 INFO     ___FILE_ONLY___ ╚
2025-01-27 14:20:31,901 INFO     ___FILE_ONLY___ ════════════════════════════════════════════════════════════
2025-01-27 14:20:31,901 INFO     ___FILE_ONLY___ ╝

2025-01-27 14:20:31,905 INFO     ___FILE_ONLY___ ╔════════════════════════════════════════════════════════════╗

2025-01-27 14:20:31,905 INFO     ___FILE_ONLY___ ╠═ Installing: Default set of gcloud commands               ═╣

2025-01-27 14:20:31,905 INFO     ___FILE_ONLY___ ╚
2025-01-27 14:20:31,907 INFO     ___FILE_ONLY___ ════════════════════════════════════════════════════════════
2025-01-27 14:20:31,908 INFO     ___FILE_ONLY___ ╝

2025-01-27 14:20:31,909 INFO     ___FILE_ONLY___ ╔════════════════════════════════════════════════════════════╗

2025-01-27 14:20:31,909 INFO     ___FILE_ONLY___ ╠═ Installing: Google Cloud CLI Core Libraries (Platform... ═╣

2025-01-27 14:20:31,909 INFO     ___FILE_ONLY___ ╚
2025-01-27 14:20:31,910 INFO     ___FILE_ONLY___ ══════════════════════════════
2025-01-27 14:20:31,911 INFO     ___FILE_ONLY___ ══════════════════════════════
2025-01-27 14:20:31,911 INFO     ___FILE_ONLY___ ╝

2025-01-27 14:20:31,915 INFO     ___FILE_ONLY___ ╔════════════════════════════════════════════════════════════╗

2025-01-27 14:20:31,915 INFO     ___FILE_ONLY___ ╠═ Installing: Google Cloud CRC32C Hash Tool                ═╣

2025-01-27 14:20:31,915 INFO     ___FILE_ONLY___ ╚
2025-01-27 14:20:31,917 INFO     ___FILE_ONLY___ ════════════════════════════════════════════════════════════
2025-01-27 14:20:31,918 INFO     ___FILE_ONLY___ ╝

2025-01-27 14:20:31,919 INFO     ___FILE_ONLY___ ╔════════════════════════════════════════════════════════════╗

2025-01-27 14:20:31,919 INFO     ___FILE_ONLY___ ╠═ Installing: Google Cloud CRC32C Hash Tool (Platform S... ═╣

2025-01-27 14:20:31,919 INFO     ___FILE_ONLY___ ╚
2025-01-27 14:20:31,958 INFO     ___FILE_ONLY___ ══════════════════════════════
2025-01-27 14:20:31,958 INFO     ___FILE_ONLY___ ══════════════════════════════
2025-01-27 14:20:31,959 INFO     ___FILE_ONLY___ ╝

2025-01-27 14:20:31,963 INFO     ___FILE_ONLY___ ╔════════════════════════════════════════════════════════════╗

2025-01-27 14:20:31,964 INFO     ___FILE_ONLY___ ╠═ Installing: gcloud cli dependencies (Platform Specific)  ═╣

2025-01-27 14:20:31,964 INFO     ___FILE_ONLY___ ╚
2025-01-27 14:20:31,964 INFO     ___FILE_ONLY___ ════════════════════════════════════════════════════════════
2025-01-27 14:20:31,964 INFO     ___FILE_ONLY___ ╝

2025-01-27 14:20:31,969 DEBUG    root            Updating notification cache...
2025-01-27 14:20:31,969 INFO     ___FILE_ONLY___ 

2025-01-27 14:20:31,971 INFO     ___FILE_ONLY___ Performing post processing steps...
2025-01-27 14:20:31,972 DEBUG    root            Executing command: ['/tools/google-cloud-sdk/bin/gcloud', 'components', 'post-process']
2025-01-27 14:20:40,196 DEBUG    ___FILE_ONLY___ 
2025-01-27 14:20:40,196 DEBUG    ___FILE_ONLY___ 
2025-01-27 14:20:40,250 INFO     ___FILE_ONLY___ 
Update done!


2025-01-27 14:20:40,253 DEBUG    root            Chosen display Format:none
2025-01-27 14:20:40,253 INFO     root            Display format: "none"
